<?xml version="1.0" encoding="UTF-8"?>
<!-- Generated by org.testng.reporters.JUnitXMLReporter -->
<testsuite hostname="XATLCAMP13760" ignored="0" name="Default test" tests="10" failures="0" timestamp="2020-04-06T00:36:26 EDT" time="4.454" errors="0">
  <testcase name="getDivisionDetailsWithValidResponse" time="2.259" classname="ApiSuite.Divisions"/>
  <testcase name="getRepInfoByAddressOfficeIncluded" time="0.213" classname="ApiSuite.RepInfoByAddress"/>
  <testcase name="getRepInfoByAddressOfficeNotIncluded" time="0.209" classname="ApiSuite.RepInfoByAddress"/>
  <testcase name="getVoterInfoWithAddressAllOptionsFalseValidResponse" time="0.346" classname="ApiSuite.VoterInfo"/>
  <testcase name="getVoterInfoWithAddressAllOptionsTrueValidResponse" time="0.253" classname="ApiSuite.VoterInfo"/>
  <testcase name="getVoterInfoWithAddressOfficalOnlyFalseValidResponse" time="0.254" classname="ApiSuite.VoterInfo"/>
  <testcase name="getVoterInfoWithoutAddressInvalidResponse" time="0.172" classname="ApiSuite.VoterInfo"/>
  <testcase name="getRepInfoByDivisionRecursiveFalse" time="0.191" classname="ApiSuite.RepInfoByDivision"/>
  <testcase name="getRepInfoByDivisionRecursiveTrue" time="0.266" classname="ApiSuite.RepInfoByDivision"/>
  <testcase name="getElectionDetailsWithValidResponse" time="0.201" classname="ApiSuite.Election"/>
</testsuite> <!-- Default test -->
