<?xml version="1.0" encoding="UTF-8"?>
<!-- Generated by org.testng.reporters.JUnitXMLReporter -->
<testsuite hostname="XATLCAMP13760" ignored="0" name="Test" tests="10" failures="0" timestamp="2020-04-06T01:51:41 EDT" time="4.741" errors="0">
  <testcase name="getRepInfoByDivisionRecursiveFalse" time="2.366" classname="ApiSuite.RepInfoByDivision"/>
  <testcase name="getRepInfoByDivisionRecursiveTrue" time="0.224" classname="ApiSuite.RepInfoByDivision"/>
  <testcase name="getVoterInfoWithAddressAllOptionsFalseValidResponse" time="0.245" classname="ApiSuite.VoterInfo"/>
  <testcase name="getVoterInfoWithAddressAllOptionsTrueValidResponse" time="0.256" classname="ApiSuite.VoterInfo"/>
  <testcase name="getVoterInfoWithAddressOfficalOnlyFalseValidResponse" time="0.26" classname="ApiSuite.VoterInfo"/>
  <testcase name="getVoterInfoWithoutAddressInvalidResponse" time="0.167" classname="ApiSuite.VoterInfo"/>
  <testcase name="getRepInfoByAddressOfficeIncluded" time="0.383" classname="ApiSuite.RepInfoByAddress"/>
  <testcase name="getRepInfoByAddressOfficeNotIncluded" time="0.265" classname="ApiSuite.RepInfoByAddress"/>
  <testcase name="getDivisionDetailsWithValidResponse" time="0.248" classname="ApiSuite.Divisions"/>
  <testcase name="getElectionDetailsWithValidResponse" time="0.244" classname="ApiSuite.Election"/>
</testsuite> <!-- Test -->
