<?xml version="1.0" encoding="UTF-8"?>
<!-- Generated by org.testng.reporters.JUnitXMLReporter -->
<testsuite hostname="XATLCAMP13760" ignored="0" name="Test" tests="10" failures="0" timestamp="2020-04-06T02:24:31 EDT" time="4.392" errors="0">
  <testcase name="getElectionDetailsWithValidResponse" time="2.146" classname="apiSuiteTest.java.Election"/>
  <testcase name="getRepInfoByDivisionRecursiveFalse" time="0.203" classname="apiSuiteTest.java.RepInfoByDivision"/>
  <testcase name="getRepInfoByDivisionRecursiveTrue" time="0.227" classname="apiSuiteTest.java.RepInfoByDivision"/>
  <testcase name="getVoterInfoWithAddressAllOptionsFalseValidResponse" time="0.224" classname="apiSuiteTest.java.VoterInfo"/>
  <testcase name="getVoterInfoWithAddressAllOptionsTrueValidResponse" time="0.384" classname="apiSuiteTest.java.VoterInfo"/>
  <testcase name="getVoterInfoWithAddressOfficalOnlyFalseValidResponse" time="0.317" classname="apiSuiteTest.java.VoterInfo"/>
  <testcase name="getVoterInfoWithoutAddressInvalidResponse" time="0.199" classname="apiSuiteTest.java.VoterInfo"/>
  <testcase name="getRepInfoByAddressOfficeIncluded" time="0.215" classname="apiSuiteTest.java.RepInfoByAddress"/>
  <testcase name="getRepInfoByAddressOfficeNotIncluded" time="0.215" classname="apiSuiteTest.java.RepInfoByAddress"/>
  <testcase name="getDivisionDetailsWithValidResponse" time="0.208" classname="apiSuiteTest.java.Divisions"/>
</testsuite> <!-- Test -->
