<?xml version="1.0" encoding="UTF-8"?>
<testng-results skipped="0" failed="0" ignored="0" total="10" passed="10">
  <reporter-output>
  </reporter-output>
  <suite name="Suite" duration-ms="4392" started-at="2020-04-06T02:24:27 EDT" finished-at="2020-04-06T02:24:31 EDT">
    <groups>
    </groups>
    <test name="Test" duration-ms="4392" started-at="2020-04-06T02:24:27 EDT" finished-at="2020-04-06T02:24:31 EDT">
      <class name="apiSuiteTest.java.RepInfoByDivision">
        <test-method status="PASS" signature="getRepInfoByDivisionRecursiveFalse()[pri:0, instance:apiSuiteTest.java.RepInfoByDivision@a67c67e]" name="getRepInfoByDivisionRecursiveFalse" duration-ms="203" started-at="2020-04-06T02:24:29 EDT" finished-at="2020-04-06T02:24:29 EDT">
          <reporter-output>
          </reporter-output>
        </test-method> <!-- getRepInfoByDivisionRecursiveFalse -->
        <test-method status="PASS" signature="getRepInfoByDivisionRecursiveTrue()[pri:0, instance:apiSuiteTest.java.RepInfoByDivision@a67c67e]" name="getRepInfoByDivisionRecursiveTrue" duration-ms="227" started-at="2020-04-06T02:24:29 EDT" finished-at="2020-04-06T02:24:29 EDT">
          <reporter-output>
          </reporter-output>
        </test-method> <!-- getRepInfoByDivisionRecursiveTrue -->
      </class> <!-- apiSuiteTest.java.RepInfoByDivision -->
      <class name="apiSuiteTest.java.VoterInfo">
        <test-method status="PASS" signature="getVoterInfoWithAddressAllOptionsFalseValidResponse()[pri:0, instance:apiSuiteTest.java.VoterInfo@3327bd23]" name="getVoterInfoWithAddressAllOptionsFalseValidResponse" duration-ms="224" started-at="2020-04-06T02:24:29 EDT" finished-at="2020-04-06T02:24:30 EDT">
          <reporter-output>
          </reporter-output>
        </test-method> <!-- getVoterInfoWithAddressAllOptionsFalseValidResponse -->
        <test-method status="PASS" signature="getVoterInfoWithAddressAllOptionsTrueValidResponse()[pri:0, instance:apiSuiteTest.java.VoterInfo@3327bd23]" name="getVoterInfoWithAddressAllOptionsTrueValidResponse" duration-ms="384" started-at="2020-04-06T02:24:30 EDT" finished-at="2020-04-06T02:24:30 EDT">
          <reporter-output>
          </reporter-output>
        </test-method> <!-- getVoterInfoWithAddressAllOptionsTrueValidResponse -->
        <test-method status="PASS" signature="getVoterInfoWithAddressOfficalOnlyFalseValidResponse()[pri:0, instance:apiSuiteTest.java.VoterInfo@3327bd23]" name="getVoterInfoWithAddressOfficalOnlyFalseValidResponse" duration-ms="317" started-at="2020-04-06T02:24:30 EDT" finished-at="2020-04-06T02:24:30 EDT">
          <reporter-output>
          </reporter-output>
        </test-method> <!-- getVoterInfoWithAddressOfficalOnlyFalseValidResponse -->
        <test-method status="PASS" signature="getVoterInfoWithoutAddressInvalidResponse()[pri:0, instance:apiSuiteTest.java.VoterInfo@3327bd23]" name="getVoterInfoWithoutAddressInvalidResponse" duration-ms="199" started-at="2020-04-06T02:24:30 EDT" finished-at="2020-04-06T02:24:30 EDT">
          <reporter-output>
          </reporter-output>
        </test-method> <!-- getVoterInfoWithoutAddressInvalidResponse -->
      </class> <!-- apiSuiteTest.java.VoterInfo -->
      <class name="apiSuiteTest.java.Election">
        <test-method status="PASS" signature="getElectionDetailsWithValidResponse()[pri:0, instance:apiSuiteTest.java.Election@21213b92]" name="getElectionDetailsWithValidResponse" duration-ms="2146" started-at="2020-04-06T02:24:27 EDT" finished-at="2020-04-06T02:24:29 EDT">
          <reporter-output>
          </reporter-output>
        </test-method> <!-- getElectionDetailsWithValidResponse -->
      </class> <!-- apiSuiteTest.java.Election -->
      <class name="apiSuiteTest.java.Divisions">
        <test-method status="PASS" signature="getDivisionDetailsWithValidResponse()[pri:0, instance:apiSuiteTest.java.Divisions@66480dd7]" name="getDivisionDetailsWithValidResponse" duration-ms="208" started-at="2020-04-06T02:24:31 EDT" finished-at="2020-04-06T02:24:31 EDT">
          <reporter-output>
          </reporter-output>
        </test-method> <!-- getDivisionDetailsWithValidResponse -->
      </class> <!-- apiSuiteTest.java.Divisions -->
      <class name="apiSuiteTest.java.RepInfoByAddress">
        <test-method status="PASS" signature="getRepInfoByAddressOfficeIncluded()[pri:0, instance:apiSuiteTest.java.RepInfoByAddress@4e1d422d]" name="getRepInfoByAddressOfficeIncluded" duration-ms="215" started-at="2020-04-06T02:24:30 EDT" finished-at="2020-04-06T02:24:31 EDT">
          <reporter-output>
          </reporter-output>
        </test-method> <!-- getRepInfoByAddressOfficeIncluded -->
        <test-method status="PASS" signature="getRepInfoByAddressOfficeNotIncluded()[pri:0, instance:apiSuiteTest.java.RepInfoByAddress@4e1d422d]" name="getRepInfoByAddressOfficeNotIncluded" duration-ms="215" started-at="2020-04-06T02:24:31 EDT" finished-at="2020-04-06T02:24:31 EDT">
          <reporter-output>
          </reporter-output>
        </test-method> <!-- getRepInfoByAddressOfficeNotIncluded -->
      </class> <!-- apiSuiteTest.java.RepInfoByAddress -->
    </test> <!-- Test -->
  </suite> <!-- Suite -->
</testng-results>
