<?xml version="1.0" encoding="UTF-8"?>
<testsuite xmlns:xsi="http://www.w3.org/2001/XMLSchema-instance" xsi:noNamespaceSchemaLocation="https://maven.apache.org/surefire/maven-surefire-plugin/xsd/surefire-test-report-3.0.xsd" version="3.0" name="TestSuite" time="5.177" tests="10" errors="0" skipped="0" failures="0">
  <properties>
[...]
</properties>
  <testcase name="getElectionDetailsWithValidResponse" classname="apiSuiteTest.java.Election" time="2.15"/>
  <testcase name="getRepInfoByDivisionRecursiveFalse" classname="apiSuiteTest.java.RepInfoByDivision" time="0.211"/>
  <testcase name="getRepInfoByDivisionRecursiveTrue" classname="apiSuiteTest.java.RepInfoByDivision" time="0.227"/>
  <testcase name="getVoterInfoWithAddressAllOptionsFalseValidResponse" classname="apiSuiteTest.java.VoterInfo" time="0.219"/>
  <testcase name="getVoterInfoWithAddressAllOptionsTrueValidResponse" classname="apiSuiteTest.java.VoterInfo" time="0.404"/>
  <testcase name="getVoterInfoWithAddressOfficalOnlyFalseValidResponse" classname="apiSuiteTest.java.VoterInfo" time="0.304"/>
  <testcase name="getVoterInfoWithoutAddressInvalidResponse" classname="apiSuiteTest.java.VoterInfo" time="0.193"/>
  <testcase name="getRepInfoByAddressOfficeIncluded" classname="apiSuiteTest.java.RepInfoByAddress" time="0.216"/>
  <testcase name="getRepInfoByAddressOfficeNotIncluded" classname="apiSuiteTest.java.RepInfoByAddress" time="0.212"/>
  <testcase name="getDivisionDetailsWithValidResponse" classname="apiSuiteTest.java.Divisions" time="0.376"/>
</testsuite>