<?xml version="1.0" encoding="UTF-8"?>
<testng-results skipped="0" failed="0" ignored="0" total="10" passed="10">
  <reporter-output>
  </reporter-output>
  <suite name="Suite" duration-ms="4741" started-at="2020-04-06T01:51:36 EDT" finished-at="2020-04-06T01:51:41 EDT">
    <groups>
    </groups>
    <test name="Test" duration-ms="4741" started-at="2020-04-06T01:51:36 EDT" finished-at="2020-04-06T01:51:41 EDT">
      <class name="ApiSuite.Divisions">
        <test-method status="PASS" signature="getDivisionDetailsWithValidResponse()[pri:0, instance:ApiSuite.Divisions@27a8c74e]" name="getDivisionDetailsWithValidResponse" duration-ms="248" started-at="2020-04-06T01:51:40 EDT" finished-at="2020-04-06T01:51:41 EDT">
          <reporter-output>
          </reporter-output>
        </test-method> <!-- getDivisionDetailsWithValidResponse -->
      </class> <!-- ApiSuite.Divisions -->
      <class name="ApiSuite.RepInfoByAddress">
        <test-method status="PASS" signature="getRepInfoByAddressOfficeIncluded()[pri:0, instance:ApiSuite.RepInfoByAddress@33f88ab]" name="getRepInfoByAddressOfficeIncluded" duration-ms="383" started-at="2020-04-06T01:51:40 EDT" finished-at="2020-04-06T01:51:40 EDT">
          <reporter-output>
          </reporter-output>
        </test-method> <!-- getRepInfoByAddressOfficeIncluded -->
        <test-method status="PASS" signature="getRepInfoByAddressOfficeNotIncluded()[pri:0, instance:ApiSuite.RepInfoByAddress@33f88ab]" name="getRepInfoByAddressOfficeNotIncluded" duration-ms="265" started-at="2020-04-06T01:51:40 EDT" finished-at="2020-04-06T01:51:40 EDT">
          <reporter-output>
          </reporter-output>
        </test-method> <!-- getRepInfoByAddressOfficeNotIncluded -->
      </class> <!-- ApiSuite.RepInfoByAddress -->
      <class name="ApiSuite.RepInfoByDivision">
        <test-method status="PASS" signature="getRepInfoByDivisionRecursiveFalse()[pri:0, instance:ApiSuite.RepInfoByDivision@3712b94]" name="getRepInfoByDivisionRecursiveFalse" duration-ms="2366" started-at="2020-04-06T01:51:36 EDT" finished-at="2020-04-06T01:51:39 EDT">
          <reporter-output>
          </reporter-output>
        </test-method> <!-- getRepInfoByDivisionRecursiveFalse -->
        <test-method status="PASS" signature="getRepInfoByDivisionRecursiveTrue()[pri:0, instance:ApiSuite.RepInfoByDivision@3712b94]" name="getRepInfoByDivisionRecursiveTrue" duration-ms="224" started-at="2020-04-06T01:51:39 EDT" finished-at="2020-04-06T01:51:39 EDT">
          <reporter-output>
          </reporter-output>
        </test-method> <!-- getRepInfoByDivisionRecursiveTrue -->
      </class> <!-- ApiSuite.RepInfoByDivision -->
      <class name="ApiSuite.VoterInfo">
        <test-method status="PASS" signature="getVoterInfoWithAddressAllOptionsFalseValidResponse()[pri:0, instance:ApiSuite.VoterInfo@2833cc44]" name="getVoterInfoWithAddressAllOptionsFalseValidResponse" duration-ms="245" started-at="2020-04-06T01:51:39 EDT" finished-at="2020-04-06T01:51:39 EDT">
          <reporter-output>
          </reporter-output>
        </test-method> <!-- getVoterInfoWithAddressAllOptionsFalseValidResponse -->
        <test-method status="PASS" signature="getVoterInfoWithAddressAllOptionsTrueValidResponse()[pri:0, instance:ApiSuite.VoterInfo@2833cc44]" name="getVoterInfoWithAddressAllOptionsTrueValidResponse" duration-ms="256" started-at="2020-04-06T01:51:39 EDT" finished-at="2020-04-06T01:51:39 EDT">
          <reporter-output>
          </reporter-output>
        </test-method> <!-- getVoterInfoWithAddressAllOptionsTrueValidResponse -->
        <test-method status="PASS" signature="getVoterInfoWithAddressOfficalOnlyFalseValidResponse()[pri:0, instance:ApiSuite.VoterInfo@2833cc44]" name="getVoterInfoWithAddressOfficalOnlyFalseValidResponse" duration-ms="260" started-at="2020-04-06T01:51:39 EDT" finished-at="2020-04-06T01:51:40 EDT">
          <reporter-output>
          </reporter-output>
        </test-method> <!-- getVoterInfoWithAddressOfficalOnlyFalseValidResponse -->
        <test-method status="PASS" signature="getVoterInfoWithoutAddressInvalidResponse()[pri:0, instance:ApiSuite.VoterInfo@2833cc44]" name="getVoterInfoWithoutAddressInvalidResponse" duration-ms="167" started-at="2020-04-06T01:51:40 EDT" finished-at="2020-04-06T01:51:40 EDT">
          <reporter-output>
          </reporter-output>
        </test-method> <!-- getVoterInfoWithoutAddressInvalidResponse -->
      </class> <!-- ApiSuite.VoterInfo -->
      <class name="ApiSuite.Election">
        <test-method status="PASS" signature="getElectionDetailsWithValidResponse()[pri:0, instance:ApiSuite.Election@2d8f65a4]" name="getElectionDetailsWithValidResponse" duration-ms="244" started-at="2020-04-06T01:51:41 EDT" finished-at="2020-04-06T01:51:41 EDT">
          <reporter-output>
          </reporter-output>
        </test-method> <!-- getElectionDetailsWithValidResponse -->
      </class> <!-- ApiSuite.Election -->
    </test> <!-- Test -->
  </suite> <!-- Suite -->
</testng-results>
